<?xml version="1.0" encoding="UTF-8"?>
<testsuite name="ClienteTest" tests="1" skipped="0" failures="0" errors="0" timestamp="2022-04-03T02:56:36" hostname="WKYDESKHOME" time="0.012">
  <properties/>
  <testcase name="testarClienteVazio()" classname="ClienteTest" time="0.012"/>
  <system-out><![CDATA[]]></system-out>
  <system-err><![CDATA[]]></system-err>
</testsuite>
